12:01:05: preprocess.<module> +66: INFO     Property condition tokens: 9
12:03:01: data_preparation.save_df_property_encoded +73: INFO     Saving encoded property change to file: /shared/data/jay.zhang/Codes/MMP/pot_clm/CLModel_v2/TrainData_ChEMBL32/train_valid_test_full_encoded.csv
12:03:45: preprocess.<module> +68: INFO     Building vocabulary
12:04:24: preprocess.<module> +73: INFO     Vocabulary contains 136 tokens: ['*', '^', '$', '#', '%10', '%11', '%12', '%13', '%14', '%15', '%16', '%17', '%18', '%19', '%20', '%21', '(', ')', '-', '.', '1', '2', '3', '4', '5', '6', '7', '8', '9', '=', 'B', 'Br', 'C', 'Cl', 'F', 'I', 'N', 'O', 'P', 'S', '[*:1]', '[*:2]', '[*:3]', '[As]', '[Au]', '[B-]', '[BH3-]', '[C+]', '[C-]', '[C@@H]', '[C@@]', '[CH+]', '[CH-]', '[CH2+]', '[CH2]', '[CH]', '[C]', '[Cl]', '[Cu]', '[Fe+2]', '[Fe]', '[Gd-4]', '[H]', '[Hg]', '[I]', '[K]', '[Li]', '[N+]', '[N-]', '[N@+]', '[N@@H+]', '[NH+]', '[NH-]', '[NH2+]', '[NH3+]', '[NH]', '[Na]', '[O+]', '[O-]', '[OH+]', '[O]', '[P+]', '[P@@]', '[PH+]', '[PH]', '[P]', '[Pt]', '[Re]', '[Ru]', '[S+]', '[S-]', '[S@+]', '[S@@]', '[SH+]', '[SH]', '[S]', '[Sb]', '[Se+]', '[SeH]', '[Se]', '[Si@@H]', '[Si@@]', '[SiH3]', '[SiH]', '[Si]', '[Sn]', '[Te]', '[W]', '[c+]', '[c-]', '[cH-]', '[c]', '[n+]', '[n-]', '[nH+]', '[nH]', '[o+]', '[s+]', '[se+]', '[se]', '[te+]', '[te]', 'b', 'c', 'n', 'o', 's', '(-0.5, 0.5]', '(0.5, 1.5]', '(1.5, 2.5]', '(2.5, 4.5]', '(4.5, 6.5]', '(6.5, 8.5]', '(8.5, 10.5]', '(10.5, inf]', '(-inf, -0.5]']
12:04:24: preprocess.<module> +80: INFO     Save vocabulary to file: /shared/data/jay.zhang/Codes/MMP/pot_clm/CLModel_v2/TrainData_ChEMBL32/vocab.pkl
12:04:38: data_preparation.split_data +36: INFO     Read /shared/data/jay.zhang/Codes/MMP/pot_clm/CLModel_v2/TrainData_ChEMBL32/train_valid_test_full_encoded.csv file
12:04:45: data_preparation.split_data +42: INFO     Train, Validation, Test: 19936149, 201376, 203410
01:47:03: preprocess.<module> +66: INFO     Property condition tokens: 9
01:47:03: data_preparation.save_df_property_encoded +73: INFO     Saving encoded property change to file: /home/yichao/zhilian/GenAICode/Data/MMPFinised/BindingDB_All_202407_5k/train_valid_test_full_encoded.csv
01:47:03: preprocess.<module> +68: INFO     Building vocabulary
01:47:04: preprocess.<module> +73: INFO     Vocabulary contains 54 tokens: ['*', '^', '$', '#', '(', ')', '-', '.', '/', '1', '2', '3', '4', '5', '=', 'Br', 'C', 'Cl', 'F', 'I', 'N', 'O', 'S', '[*:1]', '[*:2]', '[*:3]', '[C@@H]', '[C@@]', '[C@H]', '[C@]', '[H]', '[N+]', '[N-]', '[N@+]', '[NH2+]', '[O-]', '[Se]', '[n+]', '[nH]', '\\', 'c', 'n', 'o', 's', '(-0.5, 0.5]', '(0.5, 1.5]', '(1.5, 2.5]', '(2.5, 4.5]', '(4.5, 6.5]', '(6.5, 8.5]', '(8.5, 10.5]', '(10.5, inf]', '(-inf, -0.5]', '8']
01:47:04: preprocess.<module> +80: INFO     Save vocabulary to file: /home/yichao/zhilian/GenAICode/Data/MMPFinised/BindingDB_All_202407_5k/vocab.pkl
01:47:04: data_preparation.split_data +36: INFO     Read /home/yichao/zhilian/GenAICode/Data/MMPFinised/BindingDB_All_202407_5k/train_valid_test_full_encoded.csv file
01:47:04: data_preparation.split_data +42: INFO     Train, Validation, Test: 12939, 1438, 1598
09:18:10: preprocess.<module> +66: INFO     Property condition tokens: 9
09:18:10: data_preparation.save_df_property_encoded +73: INFO     Saving encoded property change to file: /home/yichao/zhilian/GenAICode/Data/MMPFinised/BindingDB_All_202407_5k/train_valid_test_full_encoded.csv
09:18:10: preprocess.<module> +68: INFO     Building vocabulary
09:18:10: preprocess.<module> +73: INFO     Vocabulary contains 54 tokens: ['*', '^', '$', '#', '(', ')', '-', '.', '/', '1', '2', '3', '4', '5', '=', 'Br', 'C', 'Cl', 'F', 'I', 'N', 'O', 'S', '[*:1]', '[*:2]', '[*:3]', '[C@@H]', '[C@@]', '[C@H]', '[C@]', '[H]', '[N+]', '[N-]', '[N@+]', '[NH2+]', '[O-]', '[Se]', '[n+]', '[nH]', '\\', 'c', 'n', 'o', 's', '(-0.5, 0.5]', '(0.5, 1.5]', '(1.5, 2.5]', '(2.5, 4.5]', '(4.5, 6.5]', '(6.5, 8.5]', '(8.5, 10.5]', '(10.5, inf]', '(-inf, -0.5]', '8']
09:18:10: preprocess.<module> +80: INFO     Save vocabulary to file: /home/yichao/zhilian/GenAICode/Data/MMPFinised/BindingDB_All_202407_5k/vocab.pkl
09:18:10: data_preparation.split_data +36: INFO     Read /home/yichao/zhilian/GenAICode/Data/MMPFinised/BindingDB_All_202407_5k/train_valid_test_full_encoded.csv file
09:18:10: data_preparation.split_data +42: INFO     Train, Validation, Test: 12939, 1438, 1598
00:56:35: preprocess.<module> +113: INFO     Property condition tokens: 24
01:01:46: preprocess.<module> +113: INFO     Property condition tokens: 24
01:02:22: preprocess.<module> +114: INFO     Property condition tokens: 24
01:03:23: preprocess.<module> +113: INFO     Property condition tokens: 24
01:03:23: preprocess.save_df_property_encoded +73: INFO     Saving encoded property change to file: /home/yichao/zhilian/GenAICode/Data/MMPFinised/BindingDB_All_202407_1k/train_valid_test_full_encoded.csv
01:03:23: preprocess.<module> +116: INFO     Building vocabulary
01:03:23: preprocess.<module> +123: INFO     Vocabulary contains 56 tokens: ['*', '^', '$', '#', '(', ')', '-', '.', '1', '2', '3', '4', '=', 'C', 'Cl', 'F', 'N', 'O', 'S', '[*:1]', '[*:2]', '[*:3]', '[C@@H]', '[C@@]', '[C@H]', '[C@]', '[H]', 'c', 'n', 'o', 's', '(-inf, -10.5]', '(-10.5, -8.5]', '(-8.5, -6.5]', '(-6.5, -4.5]', '(-4.5, -2.5]', '(-2.5, -1.5]', '(-1.5, -1.0]', '(-1.0, -0.5]', '(-0.5, 0.0]', '(0.0, 0.5]', '(0.5, 1.0]', '(1.0, 1.5]', '(1.5, 2.5]', '(2.5, 4.5]', '(4.5, 6.5]', '(6.5, 8.5]', '(8.5, 10.5]', '(10.5, inf]', '0-1', '1-0', '0-0', 'P', 'k', 'i', '8']
01:03:23: preprocess.<module> +131: INFO     Save vocabulary to file: /home/yichao/zhilian/GenAICode/Data/MMPFinised/BindingDB_All_202407_1k/vocab.pkl
01:03:23: data_preparation.split_data +37: INFO     Read /home/yichao/zhilian/GenAICode/Data/MMPFinised/BindingDB_All_202407_1k/train_valid_test_full_encoded.csv file
01:03:23: data_preparation.split_data +43: INFO     Train, Validation, Test: 1755, 196, 217
01:26:49: preprocess.<module> +113: INFO     Property condition tokens: 22
01:26:49: preprocess.save_df_property_encoded +73: INFO     Saving encoded property change to file: /home/yichao/zhilian/GenAICode/Data/MMPFinised/BindingDB_All_202407_1k/train_valid_test_full_encoded.csv
01:26:49: preprocess.<module> +116: INFO     Building vocabulary
01:26:49: preprocess.<module> +123: INFO     Vocabulary contains 54 tokens: ['*', '^', '$', '#', '(', ')', '-', '.', '1', '2', '3', '4', '=', 'C', 'Cl', 'F', 'N', 'O', 'S', '[*:1]', '[*:2]', '[*:3]', '[C@@H]', '[C@@]', '[C@H]', '[C@]', '[H]', 'c', 'n', 'o', 's', '(-inf, -10.5]', '(-10.5, -8.5]', '(-8.5, -6.5]', '(-6.5, -4.5]', '(-4.5, -2.5]', '(-2.5, -1.5]', '(-1.5, -1.0]', '(-1.0, -0.5]', '(-0.5, 0.0]', '(0.0, 0.5]', '(0.5, 1.0]', '(1.0, 1.5]', '(1.5, 2.5]', '(2.5, 4.5]', '(4.5, 6.5]', '(6.5, 8.5]', '(8.5, 10.5]', '(10.5, inf]', '0-1', '1-0', '0-0', 'Pki', '8']
01:26:49: preprocess.<module> +131: INFO     Save vocabulary to file: /home/yichao/zhilian/GenAICode/Data/MMPFinised/BindingDB_All_202407_1k/vocab.pkl
01:26:49: data_preparation.split_data +37: INFO     Read /home/yichao/zhilian/GenAICode/Data/MMPFinised/BindingDB_All_202407_1k/train_valid_test_full_encoded.csv file
01:26:49: data_preparation.split_data +43: INFO     Train, Validation, Test: 1755, 196, 217
